(2023/12/22) 09:41:16 - info [app.js]: pass...
(2023/12/22) 09:41:16 - info [app.js]: pass...
(2023/12/22) 09:41:16 - info [app.js]: pass...
(2023/12/22) 09:41:16 - info [app.js]: pass...
(2023/12/22) 09:41:16 - info [app.js]: Initializing...
(2023/12/22) 09:41:16 - info [app.js]: initing...
(2023/12/22) 09:41:16 - info [app.js]: Loading commands...
(2023/12/22) 09:41:16 - info [app.js]: 
.----------------------------------------.
|                Commands                |
|----------------------------------------|
|   File    | Aliases  | Cooldown | Type |
|-----------|----------|----------|------|
| github.js | gh, repo | info     | pass |
'----------------------------------------'
(2023/12/22) 09:41:16 - info [app.js]: 5 event(s) found...
(2023/12/22) 09:41:17 - info [app.js]: Discord: que bot sos
(2023/12/22) 09:41:17 - info [app.js]:  YO: Disc-Embed-Bot-1#0090
(2023/12/22) 09:41:17 - info [app.js]: Ready to serve 1 users in 1 servers.
(2023/12/22) 09:41:17 - info [app.js]: pass...
(2023/12/22) 09:41:17 - info [app.js]: Connected to MongoDB!
(2023/12/22) 09:41:18 - info [app.js]: Guild slash commands updated!
(2023/12/22) 09:41:18 - info [app.js]: Updating database and scheduling jobs...
(2023/12/22) 09:41:18 - info [app.js]: Ready to serve 1 guilds, in 7 channels of 2 users.
